<?xml version="1.0" encoding="UTF-8"?>
<!-- Generated by org.testng.reporters.JUnitReportReporter -->
<testsuite skipped="0" hostname="mobiroo-Vostro-460" name="com.portalQA_Ja.Testcases.Admin_ReoportIAP" tests="2" failures="0" timestamp="08 Dec 2017 21:37:16 GMT" time="8.019" errors="0">
  <testcase name="verify_Admin_IAPorder" time="4.264" classname="com.portalQA_Ja.Testcases.Admin_ReoportIAP"/>
  <testcase name="setup" time="3.755" classname="com.portalQA_Ja.Testcases.Admin_ReoportIAP"/>
</testsuite> <!-- com.portalQA_Ja.Testcases.Admin_ReoportIAP -->
