<?xml version="1.0" encoding="UTF-8"?>
<!-- Generated by org.testng.reporters.JUnitReportReporter -->
<testsuite skipped="0" hostname="mobiroo-Vostro-460" name="com.portalQA_En.TestCases.Report_IAPorders" tests="2" failures="0" timestamp="17 Jan 2018 17:18:15 GMT" time="24.004" errors="0">
  <testcase name="setup" time="4.117" classname="com.portalQA_En.TestCases.Report_IAPorders"/>
  <testcase name="verify_Report_IAPorder" time="19.887" classname="com.portalQA_En.TestCases.Report_IAPorders"/>
</testsuite> <!-- com.portalQA_En.TestCases.Report_IAPorders -->
