<?xml version="1.0" encoding="UTF-8"?>
<!-- Generated by org.testng.reporters.JUnitReportReporter -->
<testsuite skipped="0" hostname="mobiroo-Vostro-460" name="com.portalQA.TestCases.Admin_ReoportIAP" tests="2" failures="0" timestamp="28 Nov 2017 17:58:28 GMT" time="10.601" errors="0">
  <testcase name="setup" time="5.404" classname="com.portalQA.TestCases.Admin_ReoportIAP"/>
  <testcase name="verify_Admin_IAPorder" time="5.197" classname="com.portalQA.TestCases.Admin_ReoportIAP"/>
</testsuite> <!-- com.portalQA.TestCases.Admin_ReoportIAP -->
