<?xml version="1.0" encoding="UTF-8"?>
<!-- Generated by org.testng.reporters.JUnitReportReporter -->
<testsuite skipped="0" hostname="mobiroo-Vostro-460" name="com.portalQA_En.TestCases.Admin_ReoportIAP" tests="2" failures="0" timestamp="17 Jan 2018 17:18:15 GMT" time="103.163" errors="0">
  <testcase name="setup" time="4.539" classname="com.portalQA_En.TestCases.Admin_ReoportIAP"/>
  <testcase name="verify_Admin_IAPorder" time="98.624" classname="com.portalQA_En.TestCases.Admin_ReoportIAP"/>
</testsuite> <!-- com.portalQA_En.TestCases.Admin_ReoportIAP -->
