<?xml version="1.0" encoding="UTF-8"?>
<!-- Generated by org.testng.reporters.JUnitReportReporter -->
<testsuite skipped="0" hostname="mobiroo-Vostro-460" name="com.portalQA_Ja.Testcases.Login" tests="2" failures="0" timestamp="08 Dec 2017 21:37:16 GMT" time="4.186" errors="0">
  <testcase name="setup" time="2.258" classname="com.portalQA_Ja.Testcases.Login"/>
  <testcase name="verify_login" time="1.928" classname="com.portalQA_Ja.Testcases.Login"/>
</testsuite> <!-- com.portalQA_Ja.Testcases.Login -->
