<?xml version="1.0" encoding="UTF-8"?>
<!-- Generated by org.testng.reporters.JUnitReportReporter -->
<testsuite skipped="0" hostname="mobiroo-Vostro-460" name="com.portalQA_Ja.Testcases.Report_AppUsage" tests="2" failures="0" timestamp="08 Dec 2017 21:37:16 GMT" time="33.614" errors="0">
  <testcase name="verify_Report_AppUsage" time="29.745" classname="com.portalQA_Ja.Testcases.Report_AppUsage"/>
  <testcase name="setup" time="3.869" classname="com.portalQA_Ja.Testcases.Report_AppUsage"/>
</testsuite> <!-- com.portalQA_Ja.Testcases.Report_AppUsage -->
