<?xml version="1.0" encoding="UTF-8"?>
<!-- Generated by org.testng.reporters.JUnitReportReporter -->
<testsuite skipped="0" hostname="mobiroo-Vostro-460" name="com.portalQA_Ja.Testcases.Admin_ReportDownlaod" tests="2" failures="0" timestamp="08 Dec 2017 21:37:16 GMT" time="47.463" errors="0">
  <testcase name="verify_Admin_Download" time="40.893" classname="com.portalQA_Ja.Testcases.Admin_ReportDownlaod"/>
  <testcase name="setup" time="6.570" classname="com.portalQA_Ja.Testcases.Admin_ReportDownlaod"/>
</testsuite> <!-- com.portalQA_Ja.Testcases.Admin_ReportDownlaod -->
