<?xml version="1.0" encoding="UTF-8"?>
<!-- Generated by org.testng.reporters.JUnitReportReporter -->
<testsuite skipped="0" hostname="mobiroo-Vostro-460" name="com.portalQA_En.TestCases.Report_Download" tests="2" failures="0" timestamp="17 Jan 2018 18:28:04 GMT" time="14.084" errors="0">
  <testcase name="Veify_Click_On_Report_Download" time="4.712" classname="com.portalQA_En.TestCases.Report_Download"/>
  <testcase name="verify_Report_AppDown" time="9.372" classname="com.portalQA_En.TestCases.Report_Download"/>
</testsuite> <!-- com.portalQA_En.TestCases.Report_Download -->
