<?xml version="1.0" encoding="UTF-8"?>
<!-- Generated by org.testng.reporters.JUnitReportReporter -->
<testsuite skipped="0" hostname="mobiroo-Vostro-460" name="com.portalQA_En.TestCases.Report_AppUsage" tests="2" failures="0" timestamp="17 Jan 2018 17:18:15 GMT" time="37.575" errors="0">
  <testcase name="Verify_load_Report_Appusage" time="5.906" classname="com.portalQA_En.TestCases.Report_AppUsage"/>
  <testcase name="verify_Report_AppUsage" time="31.669" classname="com.portalQA_En.TestCases.Report_AppUsage"/>
</testsuite> <!-- com.portalQA_En.TestCases.Report_AppUsage -->
