<?xml version="1.0" encoding="UTF-8"?>
<!-- Generated by org.testng.reporters.JUnitReportReporter -->
<testsuite skipped="0" hostname="mobiroo-Vostro-460" name="com.portalQA_En.TestCases.Admin_ReportUsage" tests="2" failures="0" timestamp="17 Jan 2018 17:18:15 GMT" time="14.634" errors="0">
  <testcase name="setup" time="3.925" classname="com.portalQA_En.TestCases.Admin_ReportUsage"/>
  <testcase name="verify_Admin_Usage" time="10.709" classname="com.portalQA_En.TestCases.Admin_ReportUsage"/>
</testsuite> <!-- com.portalQA_En.TestCases.Admin_ReportUsage -->
