<?xml version="1.0" encoding="UTF-8"?>
<!-- Generated by org.testng.reporters.JUnitReportReporter -->
<testsuite skipped="0" hostname="mobiroo-Vostro-460" name="com.portalQA_En.TestCases.Login" tests="2" failures="0" timestamp="07 Mar 2018 16:28:34 GMT" time="4.506" errors="0">
  <testcase name="setup" time="2.375" classname="com.portalQA_En.TestCases.Login"/>
  <testcase name="verify_login" time="2.131" classname="com.portalQA_En.TestCases.Login"/>
</testsuite> <!-- com.portalQA_En.TestCases.Login -->
