<?xml version="1.0" encoding="UTF-8"?>
<!-- Generated by org.testng.reporters.JUnitReportReporter -->
<testsuite skipped="0" hostname="mobiroo-Vostro-460" name="com.portalQA_En.TestCases.Report_IAPRefund" tests="2" failures="0" timestamp="18 Jan 2018 20:14:59 GMT" time="28.064" errors="0">
  <testcase name="Veify_Click_On_Report_IAPRefund" time="5.531" classname="com.portalQA_En.TestCases.Report_IAPRefund"/>
  <testcase name="verify_Report_AppDown" time="22.533" classname="com.portalQA_En.TestCases.Report_IAPRefund"/>
</testsuite> <!-- com.portalQA_En.TestCases.Report_IAPRefund -->
